<?xml version="1.0" encoding="UTF-8"?>
<!-- Generated by org.testng.reporters.JUnitReportReporter -->
<testsuite hostname="DESKTOP-9ODT9HC" failures="0" tests="1" name="selenium.Testcase" time="4.627" errors="0" timestamp="2023-12-14T15:19:55 IST" skipped="0">
  <testcase classname="selenium.Testcase" name="cart" time="4.627"/>
  <system-out/>
</testsuite> <!-- selenium.Testcase -->
