<?xml version="1.0" encoding="UTF-8"?>
<!-- Generated by org.testng.reporters.JUnitReportReporter -->
<testsuite hostname="DESKTOP-9ODT9HC" failures="0" tests="1" name="car.Testcase2" time="24.611" errors="0" timestamp="2023-12-14T13:47:54 IST" skipped="0">
  <testcase classname="car.Testcase2" name="car2" time="24.611"/>
  <system-out/>
</testsuite> <!-- car.Testcase2 -->
