<?xml version="1.0" encoding="UTF-8"?>
<!-- Generated by org.testng.reporters.JUnitReportReporter -->
<testsuite hostname="DESKTOP-9ODT9HC" failures="0" tests="1" name="Assertion.softassertion" time="16.954" errors="0" timestamp="2023-12-19T14:25:00 IST" skipped="0">
  <testcase classname="Assertion.softassertion" name="register" time="16.954"/>
  <system-out/>
</testsuite> <!-- Assertion.softassertion -->
