<?xml version="1.0" encoding="UTF-8"?>
<!-- Generated by org.testng.reporters.JUnitReportReporter -->
<testsuite hostname="DESKTOP-9ODT9HC" failures="0" tests="1" name="Assertion.Assert1" time="56.403" errors="0" timestamp="2023-12-19T13:55:50 IST" skipped="0">
  <testcase classname="Assertion.Assert1" name="testcase" time="56.403"/>
  <system-out>
testcase pass  </system-out>
</testsuite> <!-- Assertion.Assert1 -->
