<?xml version="1.0" encoding="UTF-8"?>
<!-- Generated by org.testng.reporters.JUnitReportReporter -->
<testsuite hostname="DESKTOP-9ODT9HC" failures="0" tests="3" name="FetchDataExcel.DataDriverTesting" time="0.031" errors="0" timestamp="2023-12-15T15:47:16 IST" skipped="0">
  <testcase classname="FetchDataExcel.DataDriverTesting" name="reciever" time="0.003"/>
  <system-out/>
  <testcase classname="FetchDataExcel.DataDriverTesting" name="reciever" time="0.004"/>
  <system-out/>
  <testcase classname="FetchDataExcel.DataDriverTesting" name="reciever" time="0.024"/>
  <system-out/>
</testsuite> <!-- FetchDataExcel.DataDriverTesting -->
