<?xml version="1.0" encoding="UTF-8"?>
<!-- Generated by org.testng.reporters.JUnitReportReporter -->
<testsuite hostname="DESKTOP-9ODT9HC" failures="0" tests="1" name="Bike.Testcase2" time="28.754" errors="0" timestamp="2023-12-14T13:47:54 IST" skipped="0">
  <testcase classname="Bike.Testcase2" name="Bike2" time="28.754"/>
  <system-out/>
</testsuite> <!-- Bike.Testcase2 -->
