<?xml version="1.0" encoding="UTF-8"?>
<!-- Generated by org.testng.reporters.JUnitReportReporter -->
<testsuite hostname="DESKTOP-9ODT9HC" failures="0" tests="1" name="Bike.Testcase3" time="57.286" errors="0" timestamp="2023-12-14T13:47:54 IST" skipped="0">
  <testcase classname="Bike.Testcase3" name="Bike1" time="57.286"/>
  <system-out/>
</testsuite> <!-- Bike.Testcase3 -->
