<?xml version="1.0" encoding="UTF-8"?>
<!-- Generated by org.testng.reporters.JUnitReportReporter -->
<testsuite hostname="DESKTOP-9ODT9HC" failures="0" tests="1" name="car.Testcase1" time="126.243" errors="0" timestamp="2023-12-14T13:47:54 IST" skipped="0">
  <testcase classname="car.Testcase1" name="car1" time="126.243"/>
  <system-out/>
</testsuite> <!-- car.Testcase1 -->
